# JRE version: OpenJDK Runtime Environment Temurin-21.0.9+10 (21.0.9+10) (build 21.0.9+10-LTS)
# Java VM: OpenJDK 64-Bit Server VM Temurin-21.0.9+10 (21.0.9+10-LTS, mixed mode, sharing, tiered, compressed oops, compressed class ptrs, parallel gc, windows-amd64)
GC Precious Log:
 CardTable entry size: 512
 CPUs: 8 total, 8 available
 Memory: 16026M
 Large Page Support: Disabled
 NUMA Support: Disabled
 Compressed Oops: Enabled (32-bit)
 Alignments: Space 512K, Generation 512K, Heap 2M
 Heap Min Capacity: 100M
 Heap Initial Capacity: 100M
 Heap Max Capacity: 2G
 Pre-touch: Disabled
 Parallel Workers: 8
Heap:
 PSYoungGen      total 9728K, used 7703K [0x00000000d5580000, 0x00000000d6a80000, 0x0000000100000000)
  eden space 9216K, 78% used [0x00000000d5580000,0x00000000d5c86d30,0x00000000d5e80000)
  from space 512K, 99% used [0x00000000d6380000,0x00000000d63ff298,0x00000000d6400000)
  to   space 6144K, 0% used [0x00000000d6480000,0x00000000d6480000,0x00000000d6a80000)
 ParOldGen       total 123904K, used 123497K [0x0000000080000000, 0x0000000087900000, 0x00000000d5580000)
  object space 123904K, 99% used [0x0000000080000000,0x000000008789a5a0,0x0000000087900000)
 Metaspace       used 72871K, committed 74432K, reserved 1179648K
  class space    used 7870K, committed 8576K, reserved 1048576K
GC Heap History (20 events):
Event: 34.709 GC heap before
{Heap before GC invocations=219 (full 3):
 PSYoungGen      total 10240K, used 9754K [0x00000000d5580000, 0x00000000d6380000, 0x0000000100000000)
  eden space 9216K, 99% used [0x00000000d5580000,0x00000000d5e7f1b0,0x00000000d5e80000)
  from space 1024K, 52% used [0x00000000d6000000,0x00000000d60878e0,0x00000000d6100000)
  to   space 1536K, 0% used [0x00000000d6200000,0x00000000d6200000,0x00000000d6380000)
 ParOldGen       total 112640K, used 112148K [0x0000000080000000, 0x0000000086e00000, 0x00000000d5580000)
  object space 112640K, 99% used [0x0000000080000000,0x0000000086d853d8,0x0000000086e00000)
 Metaspace       used 67250K, committed 68736K, reserved 1114112K
  class space    used 7138K, committed 7744K, reserved 1048576K
}
Event: 34.714 GC heap after
{Heap after GC invocations=219 (full 3):
 PSYoungGen      total 10752K, used 1184K [0x00000000d5580000, 0x00000000d6380000, 0x0000000100000000)
  eden space 9216K, 0% used [0x00000000d5580000,0x00000000d5580000,0x00000000d5e80000)
  from space 1536K, 77% used [0x00000000d6200000,0x00000000d6328000,0x00000000d6380000)
  to   space 1536K, 0% used [0x00000000d6080000,0x00000000d6080000,0x00000000d6200000)
 ParOldGen       total 112640K, used 112489K [0x0000000080000000, 0x0000000086e00000, 0x00000000d5580000)
  object space 112640K, 99% used [0x0000000080000000,0x0000000086dda430,0x0000000086e00000)
 Metaspace       used 67250K, committed 68736K, reserved 1114112K
  class space    used 7138K, committed 7744K, reserved 1048576K
}
Event: 34.873 GC heap before
{Heap before GC invocations=220 (full 3):
 PSYoungGen      total 10752K, used 10400K [0x00000000d5580000, 0x00000000d6380000, 0x0000000100000000)
  eden space 9216K, 100% used [0x00000000d5580000,0x00000000d5e80000,0x00000000d5e80000)
  from space 1536K, 77% used [0x00000000d6200000,0x00000000d6328000,0x00000000d6380000)
  to   space 1536K, 0% used [0x00000000d6080000,0x00000000d6080000,0x00000000d6200000)
 ParOldGen       total 112640K, used 112489K [0x0000000080000000, 0x0000000086e00000, 0x00000000d5580000)
  object space 112640K, 99% used [0x0000000080000000,0x0000000086dda430,0x0000000086e00000)
 Metaspace       used 67787K, committed 69312K, reserved 1114112K
  class space    used 7202K, committed 7808K, reserved 1048576K
}
Event: 34.876 GC heap after
{Heap after GC invocations=220 (full 3):
 PSYoungGen      total 10752K, used 1424K [0x00000000d5580000, 0x00000000d6280000, 0x0000000100000000)
  eden space 9216K, 0% used [0x00000000d5580000,0x00000000d5580000,0x00000000d5e80000)
  from space 1536K, 92% used [0x00000000d6080000,0x00000000d61e41f0,0x00000000d6200000)
  to   space 512K, 0% used [0x00000000d6200000,0x00000000d6200000,0x00000000d6280000)
 ParOldGen       total 113664K, used 113494K [0x0000000080000000, 0x0000000086f00000, 0x00000000d5580000)
  object space 113664K, 99% used [0x0000000080000000,0x0000000086ed5830,0x0000000086f00000)
 Metaspace       used 67787K, committed 69312K, reserved 1114112K
  class space    used 7202K, committed 7808K, reserved 1048576K
}
Event: 70.184 GC heap before
{Heap before GC invocations=221 (full 3):
 PSYoungGen      total 10752K, used 10640K [0x00000000d5580000, 0x00000000d6280000, 0x0000000100000000)
  eden space 9216K, 100% used [0x00000000d5580000,0x00000000d5e80000,0x00000000d5e80000)
  from space 1536K, 92% used [0x00000000d6080000,0x00000000d61e41f0,0x00000000d6200000)
  to   space 512K, 0% used [0x00000000d6200000,0x00000000d6200000,0x00000000d6280000)
 ParOldGen       total 113664K, used 113494K [0x0000000080000000, 0x0000000086f00000, 0x00000000d5580000)
  object space 113664K, 99% used [0x0000000080000000,0x0000000086ed5830,0x0000000086f00000)
 Metaspace       used 68609K, committed 70144K, reserved 1114112K
  class space    used 7307K, committed 7936K, reserved 1048576K
}
Event: 70.186 GC heap after
{Heap after GC invocations=221 (full 3):
 PSYoungGen      total 9728K, used 500K [0x00000000d5580000, 0x00000000d6280000, 0x0000000100000000)
  eden space 9216K, 0% used [0x00000000d5580000,0x00000000d5580000,0x00000000d5e80000)
  from space 512K, 97% used [0x00000000d6200000,0x00000000d627d200,0x00000000d6280000)
  to   space 1536K, 0% used [0x00000000d5f80000,0x00000000d5f80000,0x00000000d6100000)
 ParOldGen       total 114176K, used 113814K [0x0000000080000000, 0x0000000086f80000, 0x00000000d5580000)
  object space 114176K, 99% used [0x0000000080000000,0x0000000086f25850,0x0000000086f80000)
 Metaspace       used 68609K, committed 70144K, reserved 1114112K
  class space    used 7307K, committed 7936K, reserved 1048576K
}
Event: 71.467 GC heap before
{Heap before GC invocations=222 (full 3):
 PSYoungGen      total 9728K, used 9716K [0x00000000d5580000, 0x00000000d6280000, 0x0000000100000000)
  eden space 9216K, 100% used [0x00000000d5580000,0x00000000d5e80000,0x00000000d5e80000)
  from space 512K, 97% used [0x00000000d6200000,0x00000000d627d200,0x00000000d6280000)
  to   space 1536K, 0% used [0x00000000d5f80000,0x00000000d5f80000,0x00000000d6100000)
 ParOldGen       total 114176K, used 113814K [0x0000000080000000, 0x0000000086f80000, 0x00000000d5580000)
  object space 114176K, 99% used [0x0000000080000000,0x0000000086f25850,0x0000000086f80000)
 Metaspace       used 68798K, committed 70272K, reserved 1114112K
  class space    used 7336K, committed 7936K, reserved 1048576K
}
Event: 71.472 GC heap after
{Heap after GC invocations=222 (full 3):
 PSYoungGen      total 10752K, used 1525K [0x00000000d5580000, 0x00000000d6a80000, 0x0000000100000000)
  eden space 9216K, 0% used [0x00000000d5580000,0x00000000d5580000,0x00000000d5e80000)
  from space 1536K, 99% used [0x00000000d5f80000,0x00000000d60fd550,0x00000000d6100000)
  to   space 6144K, 0% used [0x00000000d6480000,0x00000000d6480000,0x00000000d6a80000)
 ParOldGen       total 117248K, used 117216K [0x0000000080000000, 0x0000000087280000, 0x00000000d5580000)
  object space 117248K, 99% used [0x0000000080000000,0x0000000087278088,0x0000000087280000)
 Metaspace       used 68798K, committed 70272K, reserved 1114112K
  class space    used 7336K, committed 7936K, reserved 1048576K
}
Event: 71.736 GC heap before
{Heap before GC invocations=223 (full 3):
 PSYoungGen      total 10752K, used 10670K [0x00000000d5580000, 0x00000000d6a80000, 0x0000000100000000)
  eden space 9216K, 99% used [0x00000000d5580000,0x00000000d5e6e670,0x00000000d5e80000)
  from space 1536K, 99% used [0x00000000d5f80000,0x00000000d60fd550,0x00000000d6100000)
  to   space 6144K, 0% used [0x00000000d6480000,0x00000000d6480000,0x00000000d6a80000)
 ParOldGen       total 117248K, used 117216K [0x0000000080000000, 0x0000000087280000, 0x00000000d5580000)
  object space 117248K, 99% used [0x0000000080000000,0x0000000087278088,0x0000000087280000)
 Metaspace       used 69281K, committed 70848K, reserved 1114112K
  class space    used 7398K, committed 8064K, reserved 1048576K
}
Event: 71.738 GC heap after
{Heap after GC invocations=223 (full 3):
 PSYoungGen      total 10752K, used 1118K [0x00000000d5580000, 0x00000000d6600000, 0x0000000100000000)
  eden space 9216K, 0% used [0x00000000d5580000,0x00000000d5580000,0x00000000d5e80000)
  from space 1536K, 72% used [0x00000000d6480000,0x00000000d6597ad0,0x00000000d6600000)
  to   space 2560K, 0% used [0x00000000d6100000,0x00000000d6100000,0x00000000d6380000)
 ParOldGen       total 117760K, used 117408K [0x0000000080000000, 0x0000000087300000, 0x00000000d5580000)
  object space 117760K, 99% used [0x0000000080000000,0x00000000872a8098,0x0000000087300000)
 Metaspace       used 69281K, committed 70848K, reserved 1114112K
  class space    used 7398K, committed 8064K, reserved 1048576K
}
Event: 71.838 GC heap before
{Heap before GC invocations=224 (full 3):
 PSYoungGen      total 10752K, used 10334K [0x00000000d5580000, 0x00000000d6600000, 0x0000000100000000)
  eden space 9216K, 100% used [0x00000000d5580000,0x00000000d5e80000,0x00000000d5e80000)
  from space 1536K, 72% used [0x00000000d6480000,0x00000000d6597ad0,0x00000000d6600000)
  to   space 2560K, 0% used [0x00000000d6100000,0x00000000d6100000,0x00000000d6380000)
 ParOldGen       total 117760K, used 117408K [0x0000000080000000, 0x0000000087300000, 0x00000000d5580000)
  object space 117760K, 99% used [0x0000000080000000,0x00000000872a8098,0x0000000087300000)
 Metaspace       used 69294K, committed 70848K, reserved 1114112K
  class space    used 7398K, committed 8064K, reserved 1048576K
}
Event: 71.841 GC heap after
{Heap after GC invocations=224 (full 3):
 PSYoungGen      total 11776K, used 160K [0x00000000d5580000, 0x00000000d6500000, 0x0000000100000000)
  eden space 9216K, 0% used [0x00000000d5580000,0x00000000d5580000,0x00000000d5e80000)
  from space 2560K, 6% used [0x00000000d6100000,0x00000000d6128000,0x00000000d6380000)
  to   space 1024K, 0% used [0x00000000d6400000,0x00000000d6400000,0x00000000d6500000)
 ParOldGen       total 118784K, used 118462K [0x0000000080000000, 0x0000000087400000, 0x00000000d5580000)
  object space 118784K, 99% used [0x0000000080000000,0x00000000873af8c8,0x0000000087400000)
 Metaspace       used 69294K, committed 70848K, reserved 1114112K
  class space    used 7398K, committed 8064K, reserved 1048576K
}
Event: 72.247 GC heap before
{Heap before GC invocations=225 (full 3):
 PSYoungGen      total 11776K, used 9376K [0x00000000d5580000, 0x00000000d6500000, 0x0000000100000000)
  eden space 9216K, 100% used [0x00000000d5580000,0x00000000d5e80000,0x00000000d5e80000)
  from space 2560K, 6% used [0x00000000d6100000,0x00000000d6128000,0x00000000d6380000)
  to   space 1024K, 0% used [0x00000000d6400000,0x00000000d6400000,0x00000000d6500000)
 ParOldGen       total 118784K, used 118462K [0x0000000080000000, 0x0000000087400000, 0x00000000d5580000)
  object space 118784K, 99% used [0x0000000080000000,0x00000000873af8c8,0x0000000087400000)
 Metaspace       used 70377K, committed 71936K, reserved 1114112K
  class space    used 7501K, committed 8192K, reserved 1048576K
}
Event: 72.248 GC heap after
{Heap after GC invocations=225 (full 3):
 PSYoungGen      total 9728K, used 465K [0x00000000d5580000, 0x00000000d6480000, 0x0000000100000000)
  eden space 9216K, 0% used [0x00000000d5580000,0x00000000d5580000,0x00000000d5e80000)
  from space 512K, 90% used [0x00000000d6400000,0x00000000d64745c8,0x00000000d6480000)
  to   space 1024K, 0% used [0x00000000d6280000,0x00000000d6280000,0x00000000d6380000)
 ParOldGen       total 118784K, used 118502K [0x0000000080000000, 0x0000000087400000, 0x00000000d5580000)
  object space 118784K, 99% used [0x0000000080000000,0x00000000873b98c8,0x0000000087400000)
 Metaspace       used 70377K, committed 71936K, reserved 1114112K
  class space    used 7501K, committed 8192K, reserved 1048576K
}
Event: 72.382 GC heap before
{Heap before GC invocations=226 (full 3):
 PSYoungGen      total 9728K, used 9681K [0x00000000d5580000, 0x00000000d6480000, 0x0000000100000000)
  eden space 9216K, 100% used [0x00000000d5580000,0x00000000d5e80000,0x00000000d5e80000)
  from space 512K, 90% used [0x00000000d6400000,0x00000000d64745c8,0x00000000d6480000)
  to   space 1024K, 0% used [0x00000000d6280000,0x00000000d6280000,0x00000000d6380000)
 ParOldGen       total 118784K, used 118502K [0x0000000080000000, 0x0000000087400000, 0x00000000d5580000)
  object space 118784K, 99% used [0x0000000080000000,0x00000000873b98c8,0x0000000087400000)
 Metaspace       used 71337K, committed 72896K, reserved 1114112K
  class space    used 7660K, committed 8320K, reserved 1048576K
}
Event: 72.383 GC heap after
{Heap after GC invocations=226 (full 3):
 PSYoungGen      total 10240K, used 304K [0x00000000d5580000, 0x00000000d6480000, 0x0000000100000000)
  eden space 9216K, 0% used [0x00000000d5580000,0x00000000d5580000,0x00000000d5e80000)
  from space 1024K, 29% used [0x00000000d6280000,0x00000000d62cc010,0x00000000d6380000)
  to   space 512K, 0% used [0x00000000d6400000,0x00000000d6400000,0x00000000d6480000)
 ParOldGen       total 119296K, used 118813K [0x0000000080000000, 0x0000000087480000, 0x00000000d5580000)
  object space 119296K, 99% used [0x0000000080000000,0x00000000874074a8,0x0000000087480000)
 Metaspace       used 71337K, committed 72896K, reserved 1114112K
  class space    used 7660K, committed 8320K, reserved 1048576K
}
Event: 73.744 GC heap before
{Heap before GC invocations=227 (full 3):
 PSYoungGen      total 10240K, used 9520K [0x00000000d5580000, 0x00000000d6480000, 0x0000000100000000)
  eden space 9216K, 100% used [0x00000000d5580000,0x00000000d5e80000,0x00000000d5e80000)
  from space 1024K, 29% used [0x00000000d6280000,0x00000000d62cc010,0x00000000d6380000)
  to   space 512K, 0% used [0x00000000d6400000,0x00000000d6400000,0x00000000d6480000)
 ParOldGen       total 119296K, used 118813K [0x0000000080000000, 0x0000000087480000, 0x00000000d5580000)
  object space 119296K, 99% used [0x0000000080000000,0x00000000874074a8,0x0000000087480000)
 Metaspace       used 72401K, committed 73984K, reserved 1179648K
  class space    used 7820K, committed 8512K, reserved 1048576K
}
Event: 73.746 GC heap after
{Heap after GC invocations=227 (full 3):
 PSYoungGen      total 9728K, used 416K [0x00000000d5580000, 0x00000000d6480000, 0x0000000100000000)
  eden space 9216K, 0% used [0x00000000d5580000,0x00000000d5580000,0x00000000d5e80000)
  from space 512K, 81% used [0x00000000d6400000,0x00000000d6468000,0x00000000d6480000)
  to   space 512K, 0% used [0x00000000d6380000,0x00000000d6380000,0x00000000d6400000)
 ParOldGen       total 119296K, used 118981K [0x0000000080000000, 0x0000000087480000, 0x00000000d5580000)
  object space 119296K, 99% used [0x0000000080000000,0x00000000874314d8,0x0000000087480000)
 Metaspace       used 72401K, committed 73984K, reserved 1179648K
  class space    used 7820K, committed 8512K, reserved 1048576K
}
Event: 219.854 GC heap before
{Heap before GC invocations=228 (full 3):
 PSYoungGen      total 9728K, used 9386K [0x00000000d5580000, 0x00000000d6480000, 0x0000000100000000)
  eden space 9216K, 97% used [0x00000000d5580000,0x00000000d5e429c8,0x00000000d5e80000)
  from space 512K, 81% used [0x00000000d6400000,0x00000000d6468000,0x00000000d6480000)
  to   space 512K, 0% used [0x00000000d6380000,0x00000000d6380000,0x00000000d6400000)
 ParOldGen       total 119296K, used 118981K [0x0000000080000000, 0x0000000087480000, 0x00000000d5580000)
  object space 119296K, 99% used [0x0000000080000000,0x00000000874314d8,0x0000000087480000)
 Metaspace       used 72572K, committed 74176K, reserved 1179648K
  class space    used 7840K, committed 8512K, reserved 1048576K
}
Event: 219.858 GC heap after
{Heap after GC invocations=228 (full 3):
 PSYoungGen      total 9728K, used 508K [0x00000000d5580000, 0x00000000d6a80000, 0x0000000100000000)
  eden space 9216K, 0% used [0x00000000d5580000,0x00000000d5580000,0x00000000d5e80000)
  from space 512K, 99% used [0x00000000d6380000,0x00000000d63ff298,0x00000000d6400000)
  to   space 6144K, 0% used [0x00000000d6480000,0x00000000d6480000,0x00000000d6a80000)
 ParOldGen       total 123904K, used 123497K [0x0000000080000000, 0x0000000087900000, 0x00000000d5580000)
  object space 123904K, 99% used [0x0000000080000000,0x000000008789a5a0,0x0000000087900000)
 Metaspace       used 72572K, committed 74176K, reserved 1179648K
  class space    used 7840K, committed 8512K, reserved 1048576K
}

